
> trails-of-teak@0.1.0 dev
> next dev --turbopack

   ▲ Next.js 15.4.3 (Turbopack)
   - Local:        http://localhost:3000
   - Network:      http://192.168.29.83:3000
   - Environments: .env.local

 ✓ Starting...
 ✓ Ready in 940ms
 ○ Compiling /admin ...
 ✓ Compiled /admin in 1954ms
Supabase Environment Check: {
  hasUrl: true,
  url: 'https://ypalglrgqjkcufyqepjo.supabase.co',
  hasKey: true,
  keyLength: 208
}
 GET /admin 200 in 2231ms
 GET /admin 200 in 42ms
 GET /admin 200 in 65ms
 ✓ Compiled in 201ms
 ✓ Compiled in 42ms
 ✓ Compiled in 39ms
 ✓ Compiled in 90ms
 ✓ Compiled in 74ms
 ✓ Compiled in 105ms
 ✓ Compiled in 68ms
 ✓ Compiled in 74ms
 ✓ Compiled in 127ms
 ✓ Compiled in 61ms
 ✓ Compiled in 93ms
 ✓ Compiled in 102ms
Supabase Environment Check: {
  hasUrl: true,
  url: 'https://ypalglrgqjkcufyqepjo.supabase.co',
  hasKey: true,
  keyLength: 208
}
 GET /admin 200 in 428ms
 GET /admin 200 in 119ms
 ✓ Compiled /favicon.ico in 236ms
 GET /favicon.ico?favicon.45db1c09.ico 200 in 516ms
 GET /admin 200 in 114ms
 GET /favicon.ico?favicon.45db1c09.ico 200 in 231ms
 ✓ Compiled / in 497ms
 GET / 200 in 652ms
 ✓ Compiled /_not-found/page in 184ms
 GET /privacy 404 in 244ms
 GET /privacy 404 in 53ms
 GET / 200 in 114ms
 GET /terms 404 in 55ms
 GET /terms 404 in 48ms
 GET / 200 in 108ms
 ✓ Compiled in 200ms
 ✓ Compiled / in 25ms
 GET / 200 in 205ms
 GET / 200 in 24ms
 GET / 200 in 27ms
 ✓ Compiled / in 11ms
 GET / 200 in 224ms
Supabase Environment Check: {
  hasUrl: true,
  url: 'https://ypalglrgqjkcufyqepjo.supabase.co',
  hasKey: true,
  keyLength: 208
}
 GET / 200 in 207ms
 GET / 200 in 347ms
 GET /favicon.ico?favicon.45db1c09.ico 200 in 246ms
 ✓ Compiled in 77ms
 ✓ Compiled in 104ms
 GET / 200 in 177ms
 GET / 200 in 27ms
 ✓ Compiled / in 25ms
 GET / 200 in 198ms
 ✓ Compiled in 181ms
 ✓ Compiled in 104ms
 ✓ Compiled / in 22ms
 GET / 200 in 213ms
 ✓ Compiled / in 31ms
 GET / 200 in 207ms
 ✓ Compiled in 105ms
 GET / 200 in 176ms
 GET / 200 in 68ms
 GET / 200 in 184ms
 ✓ Compiled in 275ms
 GET / 200 in 231ms
 GET / 200 in 56ms
 ✓ Compiled in 146ms
 GET / 200 in 205ms
 GET / 200 in 46ms
Supabase Environment Check: {
  hasUrl: true,
  url: 'https://ypalglrgqjkcufyqepjo.supabase.co',
  hasKey: true,
  keyLength: 208
}
 HEAD / 200 in 219ms
 ✓ Compiled /privacy in 490ms
 HEAD /privacy 200 in 589ms
 ✓ Compiled /terms in 155ms
 HEAD /terms 200 in 226ms
 ✓ Compiled /about in 153ms
 HEAD /about 200 in 218ms
 ✓ Compiled /faq in 183ms
 HEAD /faq 200 in 251ms
